<?xml version="1.0" encoding="UTF-8"?>
<!-- Generated by org.testng.reporters.JUnitXMLReporter -->
<testsuite ignored="0" hostname="dminh05" failures="0" tests="4" name="Default test" time="0.078" errors="0" timestamp="2025-02-28T20:28:15 ICT">
  <testcase classname="com.poly.Lab8.CalculatorTest" name="testadd" time="0.03"/>
  <testcase classname="com.poly.Lab8.CalculatorTest" name="testdivide" time="0.002"/>
  <testcase classname="com.poly.Lab8.CalculatorTest" name="testmultiply" time="0.001"/>
  <testcase classname="com.poly.Lab8.CalculatorTest" name="testsubtract" time="0.0"/>
</testsuite> <!-- Default test -->
