<?xml version="1.0" encoding="UTF-8"?>
<testng-results ignored="0" total="4" passed="4" failed="0" skipped="0">
  <reporter-output>
  </reporter-output>
  <suite started-at="2025-02-28T20:28:15 ICT" name="Default suite" finished-at="2025-02-28T20:28:15 ICT" duration-ms="78">
    <groups>
    </groups>
    <test started-at="2025-02-28T20:28:15 ICT" name="Default test" finished-at="2025-02-28T20:28:15 ICT" duration-ms="78">
      <class name="com.poly.Lab8.CalculatorTest">
        <test-method signature="testadd()[pri:0, instance:com.poly.Lab8.CalculatorTest@3ce1e309]" started-at="2025-02-28T20:28:15 ICT" name="testadd" finished-at="2025-02-28T20:28:15 ICT" duration-ms="30" status="PASS">
          <reporter-output>
          </reporter-output>
        </test-method> <!-- testadd -->
        <test-method signature="testdivide()[pri:0, instance:com.poly.Lab8.CalculatorTest@3ce1e309]" started-at="2025-02-28T20:28:15 ICT" name="testdivide" finished-at="2025-02-28T20:28:15 ICT" duration-ms="2" status="PASS">
          <exception class="java.lang.IllegalArgumentException">
            <message>
              <![CDATA[Cannot divide by zero]]>
            </message>
            <full-stacktrace>
              <![CDATA[java.lang.IllegalArgumentException: Cannot divide by zero
at com.poly.Lab8.Calculator.divide(Calculator.java:19)
at com.poly.Lab8.CalculatorTest.testdivide(CalculatorTest.java:26)
at java.base/jdk.internal.reflect.DirectMethodHandleAccessor.invoke(DirectMethodHandleAccessor.java:103)
at java.base/java.lang.reflect.Method.invoke(Method.java:580)
at org.testng.internal.MethodInvocationHelper.invokeMethod(MethodInvocationHelper.java:133)
at org.testng.internal.TestInvoker.invokeMethod(TestInvoker.java:598)
at org.testng.internal.TestInvoker.invokeTestMethod(TestInvoker.java:173)
at org.testng.internal.MethodRunner.runInSequence(MethodRunner.java:46)
at org.testng.internal.TestInvoker$MethodInvocationAgent.invoke(TestInvoker.java:824)
at org.testng.internal.TestInvoker.invokeTestMethods(TestInvoker.java:146)
at org.testng.internal.TestMethodWorker.invokeTestMethods(TestMethodWorker.java:146)
at org.testng.internal.TestMethodWorker.run(TestMethodWorker.java:128)
at java.base/java.util.ArrayList.forEach(ArrayList.java:1596)
at org.testng.TestRunner.privateRun(TestRunner.java:794)
at org.testng.TestRunner.run(TestRunner.java:596)
at org.testng.SuiteRunner.runTest(SuiteRunner.java:377)
at org.testng.SuiteRunner.runSequentially(SuiteRunner.java:371)
at org.testng.SuiteRunner.privateRun(SuiteRunner.java:332)
at org.testng.SuiteRunner.run(SuiteRunner.java:276)
at org.testng.SuiteRunnerWorker.runSuite(SuiteRunnerWorker.java:53)
at org.testng.SuiteRunnerWorker.run(SuiteRunnerWorker.java:96)
at org.testng.TestNG.runSuitesSequentially(TestNG.java:1212)
at org.testng.TestNG.runSuitesLocally(TestNG.java:1134)
at org.testng.TestNG.runSuites(TestNG.java:1063)
at org.testng.TestNG.run(TestNG.java:1031)
at org.testng.remote.AbstractRemoteTestNG.run(AbstractRemoteTestNG.java:115)
at org.testng.remote.RemoteTestNG.initAndRun(RemoteTestNG.java:293)
at org.testng.remote.RemoteTestNG.main(RemoteTestNG.java:91)
]]>
            </full-stacktrace>
          </exception> <!-- java.lang.IllegalArgumentException -->
          <reporter-output>
          </reporter-output>
        </test-method> <!-- testdivide -->
        <test-method signature="testmultiply()[pri:0, instance:com.poly.Lab8.CalculatorTest@3ce1e309]" started-at="2025-02-28T20:28:15 ICT" name="testmultiply" finished-at="2025-02-28T20:28:15 ICT" duration-ms="1" status="PASS">
          <reporter-output>
          </reporter-output>
        </test-method> <!-- testmultiply -->
        <test-method signature="testsubtract()[pri:0, instance:com.poly.Lab8.CalculatorTest@3ce1e309]" started-at="2025-02-28T20:28:15 ICT" name="testsubtract" finished-at="2025-02-28T20:28:15 ICT" duration-ms="0" status="PASS">
          <reporter-output>
          </reporter-output>
        </test-method> <!-- testsubtract -->
      </class> <!-- com.poly.Lab8.CalculatorTest -->
    </test> <!-- Default test -->
  </suite> <!-- Default suite -->
</testng-results>
